#
# A fatal error has been detected by the Java Runtime Environment:
#
#  Internal Error (javaClasses.cpp:136), pid=1816, tid=5056
#  fatal error: Invalid layout of preloaded class
#
# JRE version:  (7.0_51-b13) (build )
# Java VM: Java HotSpot(TM) 64-Bit Server VM (24.51-b03 mixed mode windows-amd64 compressed oops)
# Failed to write core dump. Minidumps are not enabled by default on client versions of Windows
#
# If you would like to submit a bug report, please visit:
#   http://bugreport.sun.com/bugreport/crash.jsp
#

---------------  T H R E A D  ---------------

Current thread (0x0000000002040800):  JavaThread "Unknown thread" [_thread_in_vm, id=5056, stack(0x0000000001f20000,0x0000000002020000)]

Stack: [0x0000000001f20000,0x0000000002020000]

---------------  P R O C E S S  ---------------

Java Threads: ( => current thread )

Other Threads:

=>0x0000000002040800 (exited) JavaThread "Unknown thread" [_thread_in_vm, id=5056, stack(0x0000000001f20000,0x0000000002020000)]

VM state:not at safepoint (not fully initialized)

VM Mutex/Monitor currently owned by a thread: None

GC Heap History (0 events):
No events

Deoptimization events (0 events):
No events

Internal exceptions (0 events):
No events

Events (10 events):
Event: 0.966 loading class 0x0000000002084830 done
Event: 0.966 loading class 0x0000000002084250 done
Event: 0.966 loading class 0x0000000002084230
Event: 0.966 loading class 0x000000000208c330
Event: 0.966 loading class 0x000000000208c330 done
Event: 0.966 loading class 0x000000000208c360
Event: 0.966 loading class 0x000000000208c360 done
Event: 0.966 loading class 0x000000000208c390
Event: 0.966 loading class 0x000000000208c390 done
Event: 0.966 loading class 0x0000000002084230 done


Dynamic libraries:
0x00007ff6637a0000 - 0x00007ff6637d3000 	C:\Program Files\Java\jre7\bin\javaw.exe
0x00007ffeb8ad0000 - 0x00007ffeb8c7c000 	C:\Windows\SYSTEM32\ntdll.dll
0x00007ffeb6850000 - 0x00007ffeb698a000 	C:\Windows\system32\KERNEL32.DLL
0x00007ffeb5de0000 - 0x00007ffeb5eef000 	C:\Windows\system32\KERNELBASE.dll
0x00007ffeb4920000 - 0x00007ffeb49a8000 	C:\Windows\system32\apphelp.dll
0x00007ffeb1df0000 - 0x00007ffeb1e3f000 	C:\Windows\AppPatch\AppPatch64\AcGenral.DLL
0x00007ffeb6f50000 - 0x00007ffeb6ff7000 	C:\Windows\system32\msvcrt.dll
0x00007ffeb5ae0000 - 0x00007ffeb5b0b000 	C:\Windows\SYSTEM32\SspiCli.dll
0x00007ffeb6220000 - 0x00007ffeb6271000 	C:\Windows\system32\SHLWAPI.dll
0x00007ffeb6990000 - 0x00007ffeb6b01000 	C:\Windows\system32\USER32.dll
0x00007ffeb6b20000 - 0x00007ffeb6c98000 	C:\Windows\system32\ole32.dll
0x00007ffeb74e0000 - 0x00007ffeb89f8000 	C:\Windows\system32\SHELL32.dll
0x00007ffeb5300000 - 0x00007ffeb531e000 	C:\Windows\SYSTEM32\USERENV.dll
0x00007ffeb71d0000 - 0x00007ffeb7275000 	C:\Windows\system32\ADVAPI32.dll
0x00007ffeaac80000 - 0x00007ffeaac9b000 	C:\Windows\SYSTEM32\MPR.dll
0x00007ffeb73a0000 - 0x00007ffeb74d7000 	C:\Windows\system32\RPCRT4.dll
0x00007ffeb7330000 - 0x00007ffeb7387000 	C:\Windows\SYSTEM32\sechost.dll
0x00007ffeb6670000 - 0x00007ffeb6846000 	C:\Windows\SYSTEM32\combase.dll
0x00007ffeb6e00000 - 0x00007ffeb6f44000 	C:\Windows\system32\GDI32.dll
0x00007ffeb5d10000 - 0x00007ffeb5d24000 	C:\Windows\SYSTEM32\profapi.dll
0x00007ffeb4560000 - 0x00007ffeb4612000 	C:\Windows\SYSTEM32\SHCORE.dll
0x00007ffeb72f0000 - 0x00007ffeb7324000 	C:\Windows\system32\IMM32.DLL
0x00007ffeb6510000 - 0x00007ffeb6661000 	C:\Windows\system32\MSCTF.dll
0x00007ffeb3bc0000 - 0x00007ffeb3e1a000 	C:\Windows\WinSxS\amd64_microsoft.windows.common-controls_6595b64144ccf1df_6.0.9600.17031_none_6242a4b3ecbb55a1\COMCTL32.dll
0x000000006d300000 - 0x000000006d3d2000 	C:\Program Files\Java\jre7\bin\msvcr100.dll
0x000000006c4f0000 - 0x000000006ccb9000 	C:\Program Files\Java\jre7\bin\server\jvm.dll
0x00007ffeb2d80000 - 0x00007ffeb2d89000 	C:\Windows\SYSTEM32\WSOCK32.dll
0x00007ffeb21e0000 - 0x00007ffeb21ff000 	C:\Windows\SYSTEM32\WINMM.dll
0x00007ffeb71a0000 - 0x00007ffeb71a7000 	C:\Windows\system32\PSAPI.DLL
0x00007ffeb6ca0000 - 0x00007ffeb6cf8000 	C:\Windows\system32\WS2_32.dll
0x00007ffeb21b0000 - 0x00007ffeb21da000 	C:\Windows\SYSTEM32\WINMMBASE.dll
0x00007ffeb72e0000 - 0x00007ffeb72e9000 	C:\Windows\system32\NSI.dll
0x00007ffeb61d0000 - 0x00007ffeb621a000 	C:\Windows\SYSTEM32\cfgmgr32.dll
0x00007ffeb4b70000 - 0x00007ffeb4b96000 	C:\Windows\SYSTEM32\DEVOBJ.dll
0x000000006d140000 - 0x000000006d14f000 	C:\Program Files\Java\jre7\bin\verify.dll
0x000000006d110000 - 0x000000006d138000 	C:\Program Files\Java\jre7\bin\java.dll
0x000000006d0f0000 - 0x000000006d105000 	C:\Program Files\Java\jre7\bin\zip.dll

VM Arguments:
jvm_args: -Dfile.encoding=Cp1252 -Xbootclasspath:D:\Programs Files\Eclipse\adt-bundle-windows-x86_64-20140624\sdk\platforms\android-19\android.jar 
java_command: com.nlu.vnf.adapter.CustomListAdapter
Launcher Type: SUN_STANDARD

Environment Variables:
PATH=C:\Program Files (x86)\AMD APP\bin\x86_64;C:\Program Files (x86)\AMD APP\bin\x86;C:\Windows\system32;C:\Windows;C:\Windows\System32\Wbem;C:\Windows\System32\WindowsPowerShell\v1.0\;C:\Program Files (x86)\Intel\OpenCL SDK\2.0\bin\x86;C:\Program Files (x86)\Intel\OpenCL SDK\2.0\bin\x64;C:\Program Files (x86)\ATI Technologies\ATI.ACE\Core-Static
USERNAME=Vu
OS=Windows_NT
PROCESSOR_IDENTIFIER=Intel64 Family 6 Model 42 Stepping 7, GenuineIntel



---------------  S Y S T E M  ---------------

OS: Windows 8 , 64 bit Build 9200 

CPU:total 4 (2 cores per cpu, 2 threads per core) family 6 model 42 stepping 7, cmov, cx8, fxsr, mmx, sse, sse2, sse3, ssse3, sse4.1, sse4.2, popcnt, avx, ht, tsc, tscinvbit

Memory: 4k page, physical 4136812k(1108912k free), swap 5578604k(1093316k free)

vm_info: Java HotSpot(TM) 64-Bit Server VM (24.51-b03) for windows-amd64 JRE (1.7.0_51-b13), built on Dec 18 2013 18:40:56 by "java_re" with unknown MS VC++:1600

time: Thu Mar 26 23:09:17 2015
elapsed time: 1 seconds

